<?xml version="1.0" encoding="UTF-8"?>
<!-- Generated by org.testng.reporters.JUnitReportReporter -->
<testsuite hostname="DESKTOP-RIJ3VST" failures="0" tests="1" name="RePractice.PathParamAndQuaryParam" time="2.478" errors="0" timestamp="2023-08-08T15:47:52 IST" skipped="0">
  <testcase classname="RePractice.PathParamAndQuaryParam" name="QuaryParamAndPathParam" time="2.478"/>
  <system-out/>
</testsuite> <!-- RePractice.PathParamAndQuaryParam -->
