<?xml version="1.0" encoding="UTF-8"?>
<!-- Generated by org.testng.reporters.JUnitReportReporter -->
<testsuite hostname="DESKTOP-RIJ3VST" failures="0" tests="1" name="RePractice.ParsingResponseBody" time="2.283" errors="0" timestamp="2023-08-08T18:37:10 IST" skipped="0">
  <testcase classname="RePractice.ParsingResponseBody" name="ParsingBody" time="2.283"/>
  <system-out/>
</testsuite> <!-- RePractice.ParsingResponseBody -->
