<?xml version="1.0" encoding="UTF-8"?>
<!-- Generated by org.testng.reporters.JUnitReportReporter -->
<testsuite hostname="DESKTOP-RIJ3VST" failures="0" tests="1" name="practice.Cookies_Headers" time="1.867" errors="0" timestamp="2023-08-01T21:51:59 IST" skipped="0">
  <testcase classname="practice.Cookies_Headers" name="cook" time="1.867"/>
  <system-out/>
</testsuite> <!-- practice.Cookies_Headers -->
