<?xml version="1.0" encoding="UTF-8"?>
<!-- Generated by org.testng.reporters.JUnitReportReporter -->
<testsuite hostname="DESKTOP-RIJ3VST" failures="0" tests="1" name="practice.Serilization" time="2.187" errors="0" timestamp="2023-08-01T20:54:49 IST" skipped="0">
  <testcase classname="practice.Serilization" name="convertPojo2Json" time="2.187"/>
  <system-out/>
</testsuite> <!-- practice.Serilization -->
