<?xml version="1.0" encoding="UTF-8"?>
<!-- Generated by org.testng.reporters.JUnitReportReporter -->
<testsuite hostname="DESKTOP-RIJ3VST" failures="0" tests="1" name="RePractice.Serialization" time="1.981" errors="0" timestamp="2023-08-08T18:51:40 IST" skipped="0">
  <testcase classname="RePractice.Serialization" name="testSerialization" time="1.981"/>
  <system-out/>
</testsuite> <!-- RePractice.Serialization -->
