<?xml version="1.0" encoding="UTF-8"?>
<!-- Generated by org.testng.reporters.JUnitReportReporter -->
<testsuite hostname="DESKTOP-RIJ3VST" failures="0" tests="1" name="practice.SchemaValidation" time="2.286" errors="0" timestamp="2023-08-01T20:35:13 IST" skipped="0">
  <testcase classname="practice.SchemaValidation" name="schema" time="2.286"/>
  <system-out/>
</testsuite> <!-- practice.SchemaValidation -->
