<?xml version="1.0" encoding="UTF-8"?>
<!-- Generated by org.testng.reporters.JUnitReportReporter -->
<testsuite hostname="DESKTOP-RIJ3VST" failures="0" tests="1" name="RePractice.SerializationAndDeserilization" time="2.685" errors="0" timestamp="2023-08-08T19:28:57 IST" skipped="0">
  <testcase classname="RePractice.SerializationAndDeserilization" name="testDeserilization" time="2.685"/>
  <system-out/>
</testsuite> <!-- RePractice.SerializationAndDeserilization -->
