<?xml version="1.0" encoding="UTF-8"?>
<!-- Generated by org.testng.reporters.JUnitReportReporter -->
<testsuite hostname="DESKTOP-RIJ3VST" failures="0" tests="1" name="com.api.testcase.GetUsers" time="1.819" errors="0" timestamp="2023-08-03T11:44:29 IST" skipped="0">
  <testcase classname="com.api.testcase.GetUsers" name="exam" time="1.819"/>
  <system-out/>
</testsuite> <!-- com.api.testcase.GetUsers -->
