<?xml version="1.0" encoding="UTF-8"?>
<!-- Generated by org.testng.reporters.JUnitReportReporter -->
<testsuite hostname="DESKTOP-RIJ3VST" failures="0" tests="1" name="practice.ParsingResponseBody" time="2.651" errors="0" timestamp="2023-08-01T20:01:40 IST" skipped="0">
  <testcase classname="practice.ParsingResponseBody" name="Parsing" time="2.651"/>
  <system-out/>
</testsuite> <!-- practice.ParsingResponseBody -->
