<?xml version="1.0" encoding="UTF-8"?>
<!-- Generated by org.testng.reporters.JUnitReportReporter -->
<testsuite hostname="DESKTOP-RIJ3VST" failures="0" tests="1" name="RePractice.MutipleWaysOfPayLoad" time="1.980" errors="0" timestamp="2023-08-08T15:38:38 IST" skipped="0">
  <testcase classname="RePractice.MutipleWaysOfPayLoad" name="PostRequestUsingFile" time="1.980"/>
  <system-out/>
</testsuite> <!-- RePractice.MutipleWaysOfPayLoad -->
