<?xml version="1.0" encoding="UTF-8"?>
<!-- Generated by org.testng.reporters.JUnitReportReporter -->
<testsuite hostname="DESKTOP-RIJ3VST" failures="0" tests="1" name="practice.MultipleWayofPayLoad" time="2.159" errors="0" timestamp="2023-08-01T18:42:03 IST" skipped="0">
  <testcase classname="practice.MultipleWayofPayLoad" name="payLoad" time="2.159"/>
  <system-out/>
</testsuite> <!-- practice.MultipleWayofPayLoad -->
