<?xml version="1.0" encoding="UTF-8"?>
<!-- Generated by org.testng.reporters.JUnitReportReporter -->
<testsuite hostname="DESKTOP-RIJ3VST" failures="0" tests="1" name="practice.Deserilization" time="2.369" errors="0" timestamp="2023-08-01T21:08:42 IST" skipped="0">
  <testcase classname="practice.Deserilization" name="converJson2Java" time="2.369"/>
  <system-out/>
</testsuite> <!-- practice.Deserilization -->
