<?xml version="1.0" encoding="UTF-8"?>
<!-- Generated by org.testng.reporters.JUnitReportReporter -->
<testsuite hostname="DESKTOP-RIJ3VST" failures="0" tests="1" name="RePractice.SchemaValidation" time="2.020" errors="0" timestamp="2023-08-08T18:46:03 IST" skipped="0">
  <testcase classname="RePractice.SchemaValidation" name="testSchemaValition" time="2.020"/>
  <system-out/>
</testsuite> <!-- RePractice.SchemaValidation -->
