<?xml version="1.0" encoding="UTF-8"?>
<!-- Generated by org.testng.reporters.JUnitReportReporter -->
<testsuite hostname="DESKTOP-RIJ3VST" failures="0" tests="1" name="RePractice.CookiesAndHeaders" time="1.657" errors="0" timestamp="2023-08-08T16:24:53 IST" skipped="0">
  <testcase classname="RePractice.CookiesAndHeaders" name="testHeaders" time="1.657"/>
  <system-out/>
</testsuite> <!-- RePractice.CookiesAndHeaders -->
